Command line:
   FIFO_TB_isim_beh.exe
     -simmode  gui
     -simrunnum  0
     -socket  53939

Mon Aug 19 06:59:19 2024


 Elaboration Time: 0.03125 sec

 Current Memory Usage: 5150.59 Meg

 Total Signals          : 21
 Total Nets             : 154
 Total Signal Drivers   : 12
 Total Blocks           : 4
 Total Primitive Blocks : 3
 Total Processes        : 8
 Total Traceable Variables  : 15
 Total Scalar Nets and Variables : 639
Total Line Count : 59

 Total Simulation Time: 0.046875 sec

 Current Memory Usage: 4678.73 Meg

Mon Aug 19 07:03:24 2024

