Command line:
   ALU4_TB_isim_beh.exe
     -simmode  gui
     -simrunnum  0
     -socket  59806

Mon Jul 22 11:33:02 2024


 Elaboration Time: 0.046875 sec

 Current Memory Usage: 819.597 Meg

 Total Signals          : 11
 Total Nets             : 21
 Total Signal Drivers   : 4
 Total Blocks           : 5
 Total Primitive Blocks : 4
 Total Processes        : 4
 Total Traceable Variables  : 10
 Total Scalar Nets and Variables : 399
Total Line Count : 14

 Total Simulation Time: 0.078125 sec

 Current Memory Usage: 819.597 Meg

Mon Jul 22 11:33:12 2024

