Command line:
   USR_TB_isim_beh.exe
     -simmode  gui
     -simrunnum  0
     -socket  61149

Mon Jul 29 12:16:42 2024


 Elaboration Time: 0.03125 sec

 Current Memory Usage: 5150.52 Meg

 Total Signals          : 15
 Total Nets             : 18
 Total Signal Drivers   : 7
 Total Blocks           : 3
 Total Primitive Blocks : 2
 Total Processes        : 6
 Total Traceable Variables  : 9
 Total Scalar Nets and Variables : 379
Total Line Count : 46

 Total Simulation Time: 0.03125 sec

 Current Memory Usage: 5465.09 Meg

Mon Jul 29 12:17:19 2024

