#-----------------------------------------------------------
# PlanAhead v14.7 (64-bit)
# Build 321239 by xbuild on Fri Sep 27 19:29:51 MDT 2013
# Start of session at: Mon Aug 12 06:17:48 2024
# Process ID: 3728
# Log file: D:/Vedant_42209/MOD_N/planAhead_run_3/planAhead.log
# Journal file: D:/Vedant_42209/MOD_N/planAhead_run_3/planAhead.jou
#-----------------------------------------------------------
INFO: [Common 17-78] Attempting to get a license: PlanAhead
INFO: [Common 17-290] Got license for PlanAhead
INFO: [Common 17-86] Your PlanAhead license expires in -3300 day(s)
INFO: [Device 21-36] Loading parts and site information from C:/Xilinx/14.7/ISE_DS/PlanAhead/data/parts/arch.xml
Parsing RTL primitives file [C:/Xilinx/14.7/ISE_DS/PlanAhead/data/parts/xilinx/rtl/prims/rtl_prims.xml]
Finished parsing RTL primitives file [C:/Xilinx/14.7/ISE_DS/PlanAhead/data/parts/xilinx/rtl/prims/rtl_prims.xml]
start_gui
source D:/Vedant_42209/MOD_N/pa.fromNetlist.tcl
# create_project -name MOD_N -dir "D:/Vedant_42209/MOD_N/planAhead_run_3" -part xc3s250epq208-5
ERROR: [Common 17-53] User Exception: Project already exists on disk, please use '-force' option to overwrite: 
     D:/Vedant_42209/MOD_N/planAhead_run_3/MOD_N.ppr
     D:/Vedant_42209/MOD_N/planAhead_run_3/MOD_N.data

    while executing
"create_project -name MOD_N -dir "D:/Vedant_42209/MOD_N/planAhead_run_3" -part xc3s250epq208-5"
    (file "D:/Vedant_42209/MOD_N/pa.fromNetlist.tcl" line 4)
exit
INFO: [Common 17-206] Exiting PlanAhead at Mon Aug 12 06:18:11 2024...
INFO: [Common 17-83] Releasing license: PlanAhead
