Running: C:\Xilinx\14.7\ISE_DS\ISE\bin\nt\unwrapped\fuse.exe -intstyle ise -incremental -o D:/Vedant_42209/ALU4/ALU4_TB_isim_beh.exe -prj D:/Vedant_42209/ALU4/ALU4_TB_beh.prj work.ALU4_TB 
ISim P.20131013 (signature 0x8ef4fb42)
Number of CPUs detected in this system: 6
Turning on mult-threading, number of parallel sub-compilation jobs: 12 
Determining compilation order of HDL files
Parsing VHDL file "D:/Vedant_42209/ALU4/ALU4.vhd" into library work
Parsing VHDL file "D:/Vedant_42209/ALU4/ALU4_TB.vhd" into library work
Starting static elaboration
Completed static elaboration
Fuse Memory Usage: 162584 KB
Fuse CPU Usage: 187 ms
Compiling package standard
Compiling package std_logic_1164
Compiling package std_logic_arith
Compiling package std_logic_unsigned
Compiling architecture behavioral of entity ALU4 [alu4_default]
Compiling architecture behavior of entity alu4_tb
Time Resolution for simulation is 1ps.
Waiting for 1 sub-compilation(s) to finish...
Compiled 7 VHDL Units
Built simulation executable D:/Vedant_42209/ALU4/ALU4_TB_isim_beh.exe
Fuse Memory Usage: 179516 KB
Fuse CPU Usage: 264 ms
